<?xml version="1.0" encoding="UTF-8"?>
<!-- Generated by org.testng.reporters.JUnitReportReporter -->
<testsuite name="com.qtpselenium.rediff.hybrid.testcases.PortfolioSuite.LoginTest" tests="1" time="70.705" ignored="0" failures="0" timestamp="15 Aug 2018 18:26:41 GMT" skipped="0" hostname="Naveen-PC" errors="0">
  <testcase name="logintest" time="70.705" classname="com.qtpselenium.rediff.hybrid.testcases.PortfolioSuite.LoginTest"/>
</testsuite> <!-- com.qtpselenium.rediff.hybrid.testcases.PortfolioSuite.LoginTest -->
